# JRE version: Java(TM) SE Runtime Environment (8.0_73-b02) (build 1.8.0_73-b02)
# Java VM: Java HotSpot(TM) 64-Bit Server VM (25.73-b02 mixed mode windows-amd64 compressed oops)
Heap:
 PSYoungGen      total 168960K, used 49070K [0x00000000d5d80000, 0x00000000e3d00000, 0x0000000100000000)
  eden space 156160K, 25% used [0x00000000d5d80000,0x00000000d8416dc0,0x00000000df600000)
  from space 12800K, 74% used [0x00000000df600000,0x00000000dff54b80,0x00000000e0280000)
  to   space 13312K, 0% used [0x00000000e3000000,0x00000000e3000000,0x00000000e3d00000)
 ParOldGen       total 94208K, used 17320K [0x0000000081800000, 0x0000000087400000, 0x00000000d5d80000)
  object space 94208K, 18% used [0x0000000081800000,0x00000000828ea378,0x0000000087400000)
 Metaspace       used 41674K, capacity 42102K, committed 42368K, reserved 1087488K
  class space    used 5114K, capacity 5226K, committed 5248K, reserved 1048576K
GC Heap History (10 events):
Event: 4.011 GC heap before
{Heap before GC invocations=7 (full 1):
 PSYoungGen      total 71680K, used 71524K [0x00000000d5d80000, 0x00000000ddb00000, 0x0000000100000000)
  eden space 66560K, 100% used [0x00000000d5d80000,0x00000000d9e80000,0x00000000d9e80000)
  from space 5120K, 96% used [0x00000000d9e80000,0x00000000da359218,0x00000000da380000)
  to   space 12800K, 0% used [0x00000000dce80000,0x00000000dce80000,0x00000000ddb00000)
 ParOldGen       total 65536K, used 11555K [0x0000000081800000, 0x0000000085800000, 0x00000000d5d80000)
  object space 65536K, 17% used [0x0000000081800000,0x0000000082348c48,0x0000000085800000)
 Metaspace       used 28611K, capacity 29002K, committed 29184K, reserved 1075200K
  class space    used 3466K, capacity 3570K, committed 3584K, reserved 1048576K
Event: 4.043 GC heap after
Heap after GC invocations=7 (full 1):
 PSYoungGen      total 113664K, used 6853K [0x00000000d5d80000, 0x00000000dd900000, 0x0000000100000000)
  eden space 102912K, 0% used [0x00000000d5d80000,0x00000000d5d80000,0x00000000dc200000)
  from space 10752K, 63% used [0x00000000dce80000,0x00000000dd531598,0x00000000dd900000)
  to   space 11776K, 0% used [0x00000000dc200000,0x00000000dc200000,0x00000000dcd80000)
 ParOldGen       total 65536K, used 11563K [0x0000000081800000, 0x0000000085800000, 0x00000000d5d80000)
  object space 65536K, 17% used [0x0000000081800000,0x000000008234ac48,0x0000000085800000)
 Metaspace       used 28611K, capacity 29002K, committed 29184K, reserved 1075200K
  class space    used 3466K, capacity 3570K, committed 3584K, reserved 1048576K
}
Event: 5.654 GC heap before
{Heap before GC invocations=8 (full 1):
 PSYoungGen      total 113664K, used 109765K [0x00000000d5d80000, 0x00000000dd900000, 0x0000000100000000)
  eden space 102912K, 100% used [0x00000000d5d80000,0x00000000dc200000,0x00000000dc200000)
  from space 10752K, 63% used [0x00000000dce80000,0x00000000dd531598,0x00000000dd900000)
  to   space 11776K, 0% used [0x00000000dc200000,0x00000000dc200000,0x00000000dcd80000)
 ParOldGen       total 65536K, used 11563K [0x0000000081800000, 0x0000000085800000, 0x00000000d5d80000)
  object space 65536K, 17% used [0x0000000081800000,0x000000008234ac48,0x0000000085800000)
 Metaspace       used 33755K, capacity 34050K, committed 34176K, reserved 1079296K
  class space    used 4104K, capacity 4182K, committed 4224K, reserved 1048576K
Event: 5.677 GC heap after
Heap after GC invocations=8 (full 1):
 PSYoungGen      total 114688K, used 11198K [0x00000000d5d80000, 0x00000000e0f80000, 0x0000000100000000)
  eden space 102912K, 0% used [0x00000000d5d80000,0x00000000d5d80000,0x00000000dc200000)
  from space 11776K, 95% used [0x00000000dc200000,0x00000000dccefaf0,0x00000000dcd80000)
  to   space 13312K, 0% used [0x00000000e0280000,0x00000000e0280000,0x00000000e0f80000)
 ParOldGen       total 65536K, used 11571K [0x0000000081800000, 0x0000000085800000, 0x00000000d5d80000)
  object space 65536K, 17% used [0x0000000081800000,0x000000008234cc48,0x0000000085800000)
 Metaspace       used 33755K, capacity 34050K, committed 34176K, reserved 1079296K
  class space    used 4104K, capacity 4182K, committed 4224K, reserved 1048576K
}
Event: 5.896 GC heap before
{Heap before GC invocations=9 (full 1):
 PSYoungGen      total 114688K, used 27542K [0x00000000d5d80000, 0x00000000e0f80000, 0x0000000100000000)
  eden space 102912K, 15% used [0x00000000d5d80000,0x00000000d6d75e48,0x00000000dc200000)
  from space 11776K, 95% used [0x00000000dc200000,0x00000000dccefaf0,0x00000000dcd80000)
  to   space 13312K, 0% used [0x00000000e0280000,0x00000000e0280000,0x00000000e0f80000)
 ParOldGen       total 65536K, used 11571K [0x0000000081800000, 0x0000000085800000, 0x00000000d5d80000)
  object space 65536K, 17% used [0x0000000081800000,0x000000008234cc48,0x0000000085800000)
 Metaspace       used 34898K, capacity 35250K, committed 35496K, reserved 1081344K
  class space    used 4254K, capacity 4346K, committed 4352K, reserved 1048576K
Event: 5.917 GC heap after
Heap after GC invocations=9 (full 1):
 PSYoungGen      total 169472K, used 8403K [0x00000000d5d80000, 0x00000000e1900000, 0x0000000100000000)
  eden space 156160K, 0% used [0x00000000d5d80000,0x00000000d5d80000,0x00000000df600000)
  from space 13312K, 63% used [0x00000000e0280000,0x00000000e0ab4e78,0x00000000e0f80000)
  to   space 12800K, 0% used [0x00000000df600000,0x00000000df600000,0x00000000e0280000)
 ParOldGen       total 65536K, used 11579K [0x0000000081800000, 0x0000000085800000, 0x00000000d5d80000)
  object space 65536K, 17% used [0x0000000081800000,0x000000008234ec48,0x0000000085800000)
 Metaspace       used 34898K, capacity 35250K, committed 35496K, reserved 1081344K
  class space    used 4254K, capacity 4346K, committed 4352K, reserved 1048576K
}
Event: 5.917 GC heap before
{Heap before GC invocations=10 (full 2):
 PSYoungGen      total 169472K, used 8403K [0x00000000d5d80000, 0x00000000e1900000, 0x0000000100000000)
  eden space 156160K, 0% used [0x00000000d5d80000,0x00000000d5d80000,0x00000000df600000)
  from space 13312K, 63% used [0x00000000e0280000,0x00000000e0ab4e78,0x00000000e0f80000)
  to   space 12800K, 0% used [0x00000000df600000,0x00000000df600000,0x00000000e0280000)
 ParOldGen       total 65536K, used 11579K [0x0000000081800000, 0x0000000085800000, 0x00000000d5d80000)
  object space 65536K, 17% used [0x0000000081800000,0x000000008234ec48,0x0000000085800000)
 Metaspace       used 34898K, capacity 35250K, committed 35496K, reserved 1081344K
  class space    used 4254K, capacity 4346K, committed 4352K, reserved 1048576K
Event: 6.117 GC heap after
Heap after GC invocations=10 (full 2):
 PSYoungGen      total 169472K, used 0K [0x00000000d5d80000, 0x00000000e1900000, 0x0000000100000000)
  eden space 156160K, 0% used [0x00000000d5d80000,0x00000000d5d80000,0x00000000df600000)
  from space 13312K, 0% used [0x00000000e0280000,0x00000000e0280000,0x00000000e0f80000)
  to   space 12800K, 0% used [0x00000000df600000,0x00000000df600000,0x00000000e0280000)
 ParOldGen       total 94208K, used 17312K [0x0000000081800000, 0x0000000087400000, 0x00000000d5d80000)
  object space 94208K, 18% used [0x0000000081800000,0x00000000828e8378,0x0000000087400000)
 Metaspace       used 34898K, capacity 35250K, committed 35496K, reserved 1081344K
  class space    used 4254K, capacity 4346K, committed 4352K, reserved 1048576K
}
Event: 8.007 GC heap before
{Heap before GC invocations=11 (full 2):
 PSYoungGen      total 169472K, used 156160K [0x00000000d5d80000, 0x00000000e1900000, 0x0000000100000000)
  eden space 156160K, 100% used [0x00000000d5d80000,0x00000000df600000,0x00000000df600000)
  from space 13312K, 0% used [0x00000000e0280000,0x00000000e0280000,0x00000000e0f80000)
  to   space 12800K, 0% used [0x00000000df600000,0x00000000df600000,0x00000000e0280000)
 ParOldGen       total 94208K, used 17312K [0x0000000081800000, 0x0000000087400000, 0x00000000d5d80000)
  object space 94208K, 18% used [0x0000000081800000,0x00000000828e8378,0x0000000087400000)
 Metaspace       used 39087K, capacity 39464K, committed 39808K, reserved 1083392K
  class space    used 4825K, capacity 4931K, committed 4992K, reserved 1048576K
Event: 8.055 GC heap after
Heap after GC invocations=11 (full 2):
 PSYoungGen      total 168960K, used 9554K [0x00000000d5d80000, 0x00000000e3d00000, 0x0000000100000000)
  eden space 156160K, 0% used [0x00000000d5d80000,0x00000000d5d80000,0x00000000df600000)
  from space 12800K, 74% used [0x00000000df600000,0x00000000dff54b80,0x00000000e0280000)
  to   space 13312K, 0% used [0x00000000e3000000,0x00000000e3000000,0x00000000e3d00000)
 ParOldGen       total 94208K, used 17320K [0x0000000081800000, 0x0000000087400000, 0x00000000d5d80000)
  object space 94208K, 18% used [0x0000000081800000,0x00000000828ea378,0x0000000087400000)
 Metaspace       used 39087K, capacity 39464K, committed 39808K, reserved 1083392K
  class space    used 4825K, capacity 4931K, committed 4992K, reserved 1048576K
}

